\BOOKMARK [0][-]{chapter.1}{Introduzione}{}% 1
\BOOKMARK [1][-]{section.1.1}{Internet}{chapter.1}% 2
\BOOKMARK [2][-]{subsection.1.1.1}{Nuts and bolts description}{section.1.1}% 3
\BOOKMARK [2][-]{subsection.1.1.2}{A services description}{section.1.1}% 4
\BOOKMARK [2][-]{subsection.1.1.3}{Protocolli}{section.1.1}% 5
\BOOKMARK [1][-]{section.1.2}{Network edge}{chapter.1}% 6
\BOOKMARK [2][-]{subsection.1.2.1}{Access networks}{section.1.2}% 7
\BOOKMARK [2][-]{subsection.1.2.2}{Mezzi fisici}{section.1.2}% 8
\BOOKMARK [1][-]{section.1.3}{Network core}{chapter.1}% 9
\BOOKMARK [2][-]{subsection.1.3.1}{Packet switching}{section.1.3}% 10
\BOOKMARK [2][-]{subsection.1.3.2}{Circuit switching}{section.1.3}% 11
\BOOKMARK [2][-]{subsection.1.3.3}{Una rete di reti}{section.1.3}% 12
\BOOKMARK [1][-]{section.1.4}{Delays, loss, throughput in packet-switched netwoks}{chapter.1}% 13
\BOOKMARK [2][-]{subsection.1.4.1}{Delays}{section.1.4}% 14
\BOOKMARK [2][-]{subsection.1.4.2}{Queuing delay e packet loss}{section.1.4}% 15
\BOOKMARK [2][-]{subsection.1.4.3}{Throughput}{section.1.4}% 16
\BOOKMARK [1][-]{section.1.5}{Protocol layers e service model}{chapter.1}% 17
\BOOKMARK [2][-]{subsection.1.5.1}{Architettura a layer}{section.1.5}% 18
\BOOKMARK [2][-]{subsection.1.5.2}{Incapsulamento}{section.1.5}% 19
\BOOKMARK [0][-]{chapter.2}{Application Layer}{}% 20
\BOOKMARK [1][-]{section.2.1}{Principi di applicazioni di rete}{chapter.2}% 21
\BOOKMARK [2][-]{subsection.2.1.1}{Network application architectures}{section.2.1}% 22
\BOOKMARK [2][-]{subsection.2.1.2}{Comunicazione di processi}{section.2.1}% 23
\BOOKMARK [2][-]{subsection.2.1.3}{Servizi di trasporto utilizzabili dalle applicazioni}{section.2.1}% 24
\BOOKMARK [2][-]{subsection.2.1.4}{Servizi di trasporto dell'internet}{section.2.1}% 25
\BOOKMARK [2][-]{subsection.2.1.5}{Protocolli application-layer}{section.2.1}% 26
\BOOKMARK [1][-]{section.2.2}{Il Web e HTTP}{chapter.2}% 27
\BOOKMARK [2][-]{subsection.2.2.1}{Panoramica di HTTP}{section.2.2}% 28
\BOOKMARK [2][-]{subsection.2.2.2}{Connessioni persistenti e non persistenti}{section.2.2}% 29
\BOOKMARK [2][-]{subsection.2.2.3}{Formato dei messaggi HTTP}{section.2.2}% 30
\BOOKMARK [2][-]{subsection.2.2.4}{Interazioni utente-server: Cookies}{section.2.2}% 31
\BOOKMARK [2][-]{subsection.2.2.5}{Web Caching}{section.2.2}% 32
\BOOKMARK [1][-]{section.2.3}{Electronic mail}{chapter.2}% 33
\BOOKMARK [2][-]{subsection.2.3.1}{SMTP}{section.2.3}% 34
\BOOKMARK [2][-]{subsection.2.3.2}{Comparazione con HTTP}{section.2.3}% 35
\BOOKMARK [2][-]{subsection.2.3.3}{Formato dei messaggi mail}{section.2.3}% 36
\BOOKMARK [2][-]{subsection.2.3.4}{Protocolli di accesso Mail}{section.2.3}% 37
\BOOKMARK [1][-]{section.2.4}{DNS - Internet's Directory Service}{chapter.2}% 38
\BOOKMARK [2][-]{subsection.2.4.1}{Servizio di un DNS}{section.2.4}% 39
\BOOKMARK [2][-]{subsection.2.4.2}{Funzionamento del DNS}{section.2.4}% 40
\BOOKMARK [2][-]{subsection.2.4.3}{DNS records e messaggi}{section.2.4}% 41
\BOOKMARK [1][-]{section.2.5}{Distribuzione di file Peer-to-Peer}{chapter.2}% 42
\BOOKMARK [2][-]{subsection.2.5.1}{Scalabilit\340 di architetture P2P}{section.2.5}% 43
\BOOKMARK [2][-]{subsection.2.5.2}{BitTorrent}{section.2.5}% 44
\BOOKMARK [1][-]{section.2.6}{Video streaming e content distribution networks}{chapter.2}% 45
\BOOKMARK [2][-]{subsection.2.6.1}{Internet video}{section.2.6}% 46
\BOOKMARK [2][-]{subsection.2.6.2}{HTTP streaming}{section.2.6}% 47
\BOOKMARK [2][-]{subsection.2.6.3}{DASH streaming}{section.2.6}% 48
\BOOKMARK [2][-]{subsection.2.6.4}{Content distribution networks}{section.2.6}% 49
\BOOKMARK [0][-]{chapter.3}{Transport Layer}{}% 50
\BOOKMARK [1][-]{section.3.1}{Introduzione}{chapter.3}% 51
\BOOKMARK [2][-]{subsection.3.1.1}{Relazione tra livello di trasporto e livelli di rete}{section.3.1}% 52
\BOOKMARK [2][-]{subsection.3.1.2}{Livello di trasporto nell'internet}{section.3.1}% 53
\BOOKMARK [1][-]{section.3.2}{Multiplexing e demultiplexing}{chapter.3}% 54
\BOOKMARK [2][-]{subsection.3.2.1}{Connectionless multiplexing e demultiplexing}{section.3.2}% 55
\BOOKMARK [2][-]{subsection.3.2.2}{Connection oriented multiplexing e demultiplexing}{section.3.2}% 56
\BOOKMARK [1][-]{section.3.3}{UDP}{chapter.3}% 57
\BOOKMARK [2][-]{subsection.3.3.1}{Struttura dei segmenti UDP}{section.3.3}% 58
\BOOKMARK [2][-]{subsection.3.3.2}{UDP checksum}{section.3.3}% 59
\BOOKMARK [1][-]{section.3.4}{Principi di data transfer affidabile}{chapter.3}% 60
\BOOKMARK [2][-]{subsection.3.4.1}{Costruire un protocollo di data transfer affidabile}{section.3.4}% 61
\BOOKMARK [2][-]{subsection.3.4.2}{Pipelined data transfer protocols}{section.3.4}% 62
\BOOKMARK [2][-]{subsection.3.4.3}{Go-Back-N \(GBN\)}{section.3.4}% 63
\BOOKMARK [2][-]{subsection.3.4.4}{Selective repeat}{section.3.4}% 64
\BOOKMARK [1][-]{section.3.5}{Connection oriented transport: TCP}{chapter.3}% 65
\BOOKMARK [2][-]{subsection.3.5.1}{La connessione TCP}{section.3.5}% 66
\BOOKMARK [2][-]{subsection.3.5.2}{Struttura dei segmenti TCP}{section.3.5}% 67
\BOOKMARK [2][-]{subsection.3.5.3}{Stima del Round-trip time e timeout}{section.3.5}% 68
\BOOKMARK [2][-]{subsection.3.5.4}{Data transfer affidabile}{section.3.5}% 69
\BOOKMARK [2][-]{subsection.3.5.5}{Flow control}{section.3.5}% 70
\BOOKMARK [2][-]{subsection.3.5.6}{TCP Connection Management}{section.3.5}% 71
\BOOKMARK [1][-]{section.3.6}{Principi di congestion control}{chapter.3}% 72
\BOOKMARK [2][-]{subsection.3.6.1}{Cause e costi della congestione}{section.3.6}% 73
\BOOKMARK [2][-]{subsection.3.6.2}{Approcci al congestion control}{section.3.6}% 74
\BOOKMARK [1][-]{section.3.7}{TCP congestion control}{chapter.3}% 75
\BOOKMARK [2][-]{subsection.3.7.1}{Fairness}{section.3.7}% 76
\BOOKMARK [2][-]{subsection.3.7.2}{Explicit congestion notification, network-assisted congestion control}{section.3.7}% 77
\BOOKMARK [0][-]{chapter.4}{Il livello di rete: data plane}{}% 78
\BOOKMARK [1][-]{section.4.1}{Considerazioni sul livello di rete}{chapter.4}% 79
\BOOKMARK [2][-]{subsection.4.1.1}{Forwarding e routing: il data e control plane}{section.4.1}% 80
\BOOKMARK [2][-]{subsection.4.1.2}{Network service model}{section.4.1}% 81
\BOOKMARK [1][-]{section.4.2}{Componenti di un router}{chapter.4}% 82
\BOOKMARK [2][-]{subsection.4.2.1}{Processi alle porte di input e forwarding basato sulla destinazione}{section.4.2}% 83
\BOOKMARK [2][-]{subsection.4.2.2}{Switching}{section.4.2}% 84
\BOOKMARK [2][-]{subsection.4.2.3}{Processing delle porte di output}{section.4.2}% 85
\BOOKMARK [2][-]{subsection.4.2.4}{Queuing}{section.4.2}% 86
\BOOKMARK [2][-]{subsection.4.2.5}{Packet scheduling}{section.4.2}% 87
\BOOKMARK [1][-]{section.4.3}{Il protocollo di internet: IPv4, indirizzamento, IPv6}{chapter.4}% 88
\BOOKMARK [2][-]{subsection.4.3.1}{Formato del datagramma IPv4}{section.4.3}% 89
\BOOKMARK [2][-]{subsection.4.3.2}{IPv4 frammentazione del datagramma}{section.4.3}% 90
\BOOKMARK [2][-]{subsection.4.3.3}{Indirizzamento IPv4}{section.4.3}% 91
\BOOKMARK [2][-]{subsection.4.3.4}{Network address translation \(NAT\)}{section.4.3}% 92
\BOOKMARK [2][-]{subsection.4.3.5}{Indirizzi IP speciali}{section.4.3}% 93
\BOOKMARK [2][-]{subsection.4.3.6}{IPv6}{section.4.3}% 94
\BOOKMARK [1][-]{section.4.4}{Forwarding generalizzato e SDN}{chapter.4}% 95
\BOOKMARK [2][-]{subsection.4.4.1}{Matching}{section.4.4}% 96
\BOOKMARK [2][-]{subsection.4.4.2}{Action}{section.4.4}% 97
\BOOKMARK [0][-]{chapter.5}{Livello di rete: control plane}{}% 98
\BOOKMARK [1][-]{section.5.1}{Introduzione}{chapter.5}% 99
\BOOKMARK [1][-]{section.5.2}{Algoritmi di routing}{chapter.5}% 100
\BOOKMARK [2][-]{subsection.5.2.1}{L'algoritmo di link state routing}{section.5.2}% 101
\BOOKMARK [2][-]{subsection.5.2.2}{L'algoritmo di distance vector routing}{section.5.2}% 102
\BOOKMARK [2][-]{subsection.5.2.3}{Confronto tra LS e DV}{section.5.2}% 103
\BOOKMARK [1][-]{section.5.3}{Intra-AS routing nell'internet: OSPF}{chapter.5}% 104
\BOOKMARK [2][-]{subsection.5.3.1}{Open shortest path first \(OSPF\)}{section.5.3}% 105
\BOOKMARK [1][-]{section.5.4}{Routing tra ISPs: BGP}{chapter.5}% 106
\BOOKMARK [2][-]{subsection.5.4.1}{Routing BGP}{section.5.4}% 107
\BOOKMARK [2][-]{subsection.5.4.2}{Pubblicizzare le informazioni di BGP route}{section.5.4}% 108
\BOOKMARK [2][-]{subsection.5.4.3}{Determinare il cammino ottimo}{section.5.4}% 109
\BOOKMARK [2][-]{subsection.5.4.4}{IP anycast}{section.5.4}% 110
\BOOKMARK [2][-]{subsection.5.4.5}{Politica di routing}{section.5.4}% 111
\BOOKMARK [1][-]{section.5.5}{The SDN control plane}{chapter.5}% 112
\BOOKMARK [2][-]{subsection.5.5.1}{Il control plane dell'SDN, controller e applicazioni di controllo di rete}{section.5.5}% 113
\BOOKMARK [2][-]{subsection.5.5.2}{Il protocollo OpenFlow}{section.5.5}% 114
\BOOKMARK [1][-]{section.5.6}{ICMP il protocollo di internet control message}{chapter.5}% 115
\BOOKMARK [1][-]{section.5.7}{Gestione della rete e SNMP}{chapter.5}% 116
\BOOKMARK [2][-]{subsection.5.7.1}{Il framework per la gestione della rete}{section.5.7}% 117
\BOOKMARK [2][-]{subsection.5.7.2}{Il simple network management protocol \(SNMP\)}{section.5.7}% 118
\BOOKMARK [0][-]{chapter.6}{Il livello di link e LANs}{}% 119
\BOOKMARK [1][-]{section.6.1}{Introduzione}{chapter.6}% 120
\BOOKMARK [2][-]{subsection.6.1.1}{Servizi messi a disposizione}{section.6.1}% 121
\BOOKMARK [2][-]{subsection.6.1.2}{Implementazione del livello di link}{section.6.1}% 122
\BOOKMARK [1][-]{section.6.2}{Tecniche di individuazione e correzione errori}{chapter.6}% 123
\BOOKMARK [2][-]{subsection.6.2.1}{Parity checks}{section.6.2}% 124
\BOOKMARK [2][-]{subsection.6.2.2}{Checksumming methods}{section.6.2}% 125
\BOOKMARK [2][-]{subsection.6.2.3}{Cyclic redundancy check \(CRC\)}{section.6.2}% 126
\BOOKMARK [1][-]{section.6.3}{Access links multipli e protocolli}{chapter.6}% 127
\BOOKMARK [2][-]{subsection.6.3.1}{Protocolli di channel partitioning}{section.6.3}% 128
\BOOKMARK [2][-]{subsection.6.3.2}{Random access protocols}{section.6.3}% 129
\BOOKMARK [2][-]{subsection.6.3.3}{Protocolli taking-turn}{section.6.3}% 130
\BOOKMARK [2][-]{subsection.6.3.4}{DOCSIS: il protocollo di livello di link per cable internet access}{section.6.3}% 131
\BOOKMARK [1][-]{section.6.4}{Switched local area networks}{chapter.6}% 132
\BOOKMARK [2][-]{subsection.6.4.1}{Indirizzamento livello di rete e ARP}{section.6.4}% 133
\BOOKMARK [2][-]{subsection.6.4.2}{Ethernet}{section.6.4}% 134
\BOOKMARK [2][-]{subsection.6.4.3}{Switches di livello di link}{section.6.4}% 135
\BOOKMARK [2][-]{subsection.6.4.4}{Virtual Local Area Networks \(VLANs\)}{section.6.4}% 136
\BOOKMARK [1][-]{section.6.5}{Virtualizzazione dei link: una rete come un link layer}{chapter.6}% 137
\BOOKMARK [2][-]{subsection.6.5.1}{Multiprotocol Label Switching}{section.6.5}% 138
\BOOKMARK [1][-]{section.6.6}{Data center networking}{chapter.6}% 139
\BOOKMARK [2][-]{subsection.6.6.1}{Load balancing}{section.6.6}% 140
\BOOKMARK [2][-]{subsection.6.6.2}{Struttura gerarchica}{section.6.6}% 141
\BOOKMARK [1][-]{section.6.7}{Una Web Page request}{chapter.6}% 142
\BOOKMARK [2][-]{subsection.6.7.1}{DHCP, UDP, IP e ethernet}{section.6.7}% 143
\BOOKMARK [2][-]{subsection.6.7.2}{DNS e ARP}{section.6.7}% 144
\BOOKMARK [2][-]{subsection.6.7.3}{Intra-domain routing al server DNS}{section.6.7}% 145
\BOOKMARK [2][-]{subsection.6.7.4}{TCP e HTTP}{section.6.7}% 146
\BOOKMARK [0][-]{chapter.7}{Reti mobili e wireless}{}% 147
\BOOKMARK [1][-]{section.7.1}{Introduzione}{chapter.7}% 148
\BOOKMARK [1][-]{section.7.2}{Link wireless e caratteristiche della rete}{chapter.7}% 149
\BOOKMARK [2][-]{subsection.7.2.1}{CDMA}{section.7.2}% 150
\BOOKMARK [1][-]{section.7.3}{LANs wireless 802.11: WiFi}{chapter.7}% 151
\BOOKMARK [2][-]{subsection.7.3.1}{L'architettura 802.11}{section.7.3}% 152
\BOOKMARK [2][-]{subsection.7.3.2}{Il protocollo MAC 802.11}{section.7.3}% 153
\BOOKMARK [2][-]{subsection.7.3.3}{Il frame IEEE 802.11}{section.7.3}% 154
\BOOKMARK [2][-]{subsection.7.3.4}{Mobilit\340 nella stessa sottorete IP}{section.7.3}% 155
